#
# A fatal error has been detected by the Java Runtime Environment:
#
#  SIGSEGV (0xb) at pc=0x000000011024c594, pid=45836, tid=0x0000000000004107
#
# JRE version: Java(TM) SE Runtime Environment (8.0_101-b13) (build 1.8.0_101-b13)
# Java VM: Java HotSpot(TM) 64-Bit Server VM (25.101-b13 mixed mode bsd-amd64 compressed oops)
# Problematic frame:
# V  [libjvm.dylib+0x44c594]
#
# Failed to write core dump. Core dumps have been disabled. To enable core dumping, try "ulimit -c unlimited" before starting Java again
#
# If you would like to submit a bug report, please visit:
#   http://bugreport.java.com/bugreport/crash.jsp
#

---------------  T H R E A D  ---------------

Current thread (0x00007fc747001000):  JavaThread "JDWP Transport Listener: dt_socket" daemon [_thread_in_vm, id=16647, stack(0x000070000eb44000,0x000070000ec44000)]

siginfo: si_signo: 11 (SIGSEGV), si_code: 0 (unknown), si_addr: 0x0000000000000000

Registers:
RAX=0x0000000000000001, RBX=0x000070000ec43a8b, RCX=0x000000011061f360, RDX=0x000070000ec43a8b
RSP=0x000070000ec439d0, RBP=0x000070000ec439e0, RSI=0x00007fc747001000, RDI=0x0004003b003b003b
R8 =0x0000000000000000, R9 =0x00007fc74548bbd0, R10=0x000007fc74548bc1, R11=0x0000000000000001
R12=0x00007fc747001000, R13=0x0004003b003b003b, R14=0x0004003b003b003b, R15=0x00007fc745701f40
RIP=0x000000011024c594, EFLAGS=0x0000000000010202, ERR=0x0000000000000000
  TRAPNO=0x000000000000000d

Top of Stack: (sp=0x000070000ec439d0)
0x000070000ec439d0:   000070000ec43a8b 000070000ec43a8b
0x000070000ec439e0:   000070000ec43a40 00000001101580d2
0x000070000ec439f0:   00007fc747001000 0000000000000000
0x000070000ec43a00:   0000000000000000 0000000000000000
0x000070000ec43a10:   00007fc747001000 00007fc747001000
0x000070000ec43a20:   000070000ec43a8b 000070000ec43a90
0x000070000ec43a30:   0004003b003b003b 0000000000000007
0x000070000ec43a40:   000070000ec43a60 000000010f482780
0x000070000ec43a50:   0000000000000001 000070000ec43b08
0x000070000ec43a60:   000070000ec43ad0 000000010f4671f3
0x000070000ec43a70:   000070000ec43aa0 00007fc745417ec0
0x000070000ec43a80:   0000000800000032 0000000900c43b08
0x000070000ec43a90:   0000000000000000 0000000000000000
0x000070000ec43aa0:   0000000000000000 000070000ec43c90
0x000070000ec43ab0:   000000010f489e7a 00007fc74544de40
0x000070000ec43ac0:   000070000ec43b08 000000010f495598
0x000070000ec43ad0:   000070000ec43ae0 000000010f4672ec
0x000070000ec43ae0:   000070000ec43d00 000000010f470898
0x000070000ec43af0:   000062ca00000013 00000000000f0200
0x000070000ec43b00:   00007fc7454873e0 00007fc74548d18e
0x000070000ec43b10:   00007fc7000001ea 00007fc745435500
0x000070000ec43b20:   00007fc70000012c 000070000ec43b58
0x000070000ec43b30:   00007fc745435500 0000000000000000
0x000070000ec43b40:   000062ca0000000f 0000000000000080
0x000070000ec43b50:   000070000ec43b58 c77f000008000000
0x000070000ec43b60:   0600000058384345 00003e74696e693c
0x000070000ec43b70:   0000005629280300 7f00000100000000
0x000070000ec43b80:   00000070384345c7 736f704574656708
0x000070000ec43b90:   2949281500000074 616c2f6176616a4c
0x000070000ec43ba0:   6e697274532f676e 0000000000003b67
0x000070000ec43bb0:   4345c77f00000900 6f6c070000006838
0x000070000ec43bc0:   0000006b4f6e6967 2f6176616a4c2827 

Instructions: (pc=0x000000011024c594)
0x000000011024c574:   40 48 48 85 c0 75 e0 30 c0 0f b6 c0 5d c3 31 c0
0x000000011024c584:   5d c3 55 48 89 e5 53 48 83 ec 08 48 85 ff 74 24
0x000000011024c594:   48 8b 1f 48 85 db 74 1c 48 83 fb 37 74 16 48 8b
0x000000011024c5a4:   03 48 89 df ff 50 10 84 c0 b8 00 00 00 00 48 0f 

Register to memory mapping:

RAX=0x0000000000000001 is an unknown value
RBX=0x000070000ec43a8b is pointing into the stack for thread: 0x00007fc747001000
RCX=0x000000011061f360: UseMembar+0 in /Library/Java/JavaVirtualMachines/jdk1.8.0_101.jdk/Contents/Home/jre/lib/server/libjvm.dylib at 0x000000010fe00000
RDX=0x000070000ec43a8b is pointing into the stack for thread: 0x00007fc747001000
RSP=0x000070000ec439d0 is pointing into the stack for thread: 0x00007fc747001000
RBP=0x000070000ec439e0 is pointing into the stack for thread: 0x00007fc747001000
RSI=0x00007fc747001000 is a thread
RDI=0x0004003b003b003b is an unknown value
R8 =0x0000000000000000 is an unknown value
R9 =0x00007fc74548bbd0 is an unknown value
R10=0x000007fc74548bc1 is an unknown value
R11=0x0000000000000001 is an unknown value
R12=0x00007fc747001000 is a thread
R13=0x0004003b003b003b is an unknown value
R14=0x0004003b003b003b is an unknown value
R15=0x00007fc745701f40 is an unknown value


Stack: [0x000070000eb44000,0x000070000ec44000],  sp=0x000070000ec439d0,  free space=1022k
Native frames: (J=compiled Java code, j=interpreted, Vv=VM code, C=native code)
V  [libjvm.dylib+0x44c594]
V  [libjvm.dylib+0x3580d2]
C  [libjdwp.dylib+0x20780]  isMethodSynthetic+0x63
C  [libjdwp.dylib+0x51f3]  methods1+0x10b
C  [libjdwp.dylib+0x52ec]  methodsWithGeneric+0xe
C  [libjdwp.dylib+0xe898]  debugLoop_run+0x1ce
C  [libjdwp.dylib+0x1f6ba]  attachThread+0x4d
V  [libjvm.dylib+0x399438]
V  [libjvm.dylib+0x5695ab]
V  [libjvm.dylib+0x56ac98]
V  [libjvm.dylib+0x48933a]
C  [libsystem_pthread.dylib+0x36c1]  _pthread_body+0x154
C  [libsystem_pthread.dylib+0x356d]  _pthread_body+0x0
C  [libsystem_pthread.dylib+0x2c5d]  thread_start+0xd
C  0x0000000000000000


---------------  P R O C E S S  ---------------

Java Threads: ( => current thread )
  0x00007fc74595e000 JavaThread "Abandoned connection cleanup thread" daemon [_thread_blocked, id=4359, stack(0x000070000f35c000,0x000070000f45c000)]
  0x00007fc747034800 JavaThread "Service Thread" daemon [_thread_blocked, id=19715, stack(0x000070000f156000,0x000070000f256000)]
  0x00007fc74601b000 JavaThread "C1 CompilerThread2" daemon [_thread_blocked, id=19203, stack(0x000070000f053000,0x000070000f153000)]
  0x00007fc746869000 JavaThread "C2 CompilerThread1" daemon [_thread_blocked, id=18691, stack(0x000070000ef50000,0x000070000f050000)]
  0x00007fc745820800 JavaThread "C2 CompilerThread0" daemon [_thread_blocked, id=18179, stack(0x000070000ee4d000,0x000070000ef4d000)]
  0x00007fc745828000 JavaThread "JDWP Command Reader" daemon [_thread_in_native, id=17667, stack(0x000070000ed4a000,0x000070000ee4a000)]
  0x00007fc74601a800 JavaThread "JDWP Event Helper Thread" daemon [_thread_blocked, id=17155, stack(0x000070000ec47000,0x000070000ed47000)]
=>0x00007fc747001000 JavaThread "JDWP Transport Listener: dt_socket" daemon [_thread_in_vm, id=16647, stack(0x000070000eb44000,0x000070000ec44000)]
  0x00007fc74601c000 JavaThread "Signal Dispatcher" daemon [_thread_blocked, id=16139, stack(0x000070000ea41000,0x000070000eb41000)]
  0x00007fc746019800 JavaThread "Finalizer" daemon [_thread_blocked, id=12803, stack(0x000070000e93e000,0x000070000ea3e000)]
  0x00007fc74685d000 JavaThread "Reference Handler" daemon [_thread_blocked, id=12291, stack(0x000070000e83b000,0x000070000e93b000)]
  0x00007fc747001800 JavaThread "main" [_thread_blocked, id=6659, stack(0x000070000e229000,0x000070000e329000)]

Other Threads:
  0x00007fc746858800 VMThread [stack: 0x000070000e738000,0x000070000e838000] [id=11779]
  0x00007fc74685f000 WatcherThread [stack: 0x000070000f259000,0x000070000f359000] [id=20227]

VM state:not at safepoint (normal execution)

VM Mutex/Monitor currently owned by a thread: None

Heap:
 PSYoungGen      total 38400K, used 30737K [0x0000000795580000, 0x0000000798000000, 0x00000007c0000000)
  eden space 33280K, 92% used [0x0000000795580000,0x0000000797384648,0x0000000797600000)
  from space 5120K, 0% used [0x0000000797b00000,0x0000000797b00000,0x0000000798000000)
  to   space 5120K, 0% used [0x0000000797600000,0x0000000797600000,0x0000000797b00000)
 ParOldGen       total 87552K, used 0K [0x0000000740000000, 0x0000000745580000, 0x0000000795580000)
  object space 87552K, 0% used [0x0000000740000000,0x0000000740000000,0x0000000745580000)
 Metaspace       used 11678K, capacity 11872K, committed 12160K, reserved 1060864K
  class space    used 1324K, capacity 1394K, committed 1408K, reserved 1048576K

Card table byte_map: [0x000000011115d000,0x000000011155e000] byte_map_base: 0x000000010d75d000

Marking Bits: (ParMarkBitMap*) 0x00000001106edd20
 Begin Bits: [0x00000001240a6000, 0x00000001260a6000)
 End Bits:   [0x00000001260a6000, 0x00000001280a6000)

Polling page: 0x000000010f461000

CodeCache: size=245760Kb used=3342Kb max_used=3342Kb free=242417Kb
 bounds [0x00000001150a6000, 0x00000001153f6000, 0x00000001240a6000]
 total_blobs=1252 nmethods=886 adapters=288
 compilation: enabled

Compilation events (10 events):
Event: 257.148 Thread 0x00007fc74601b000  883       3       java.nio.Buffer::position (43 bytes)
Event: 257.149 Thread 0x00007fc74601b000 nmethod 883 0x00000001153e9b50 code [0x00000001153e9ce0, 0x00000001153e9fa8]
Event: 257.149 Thread 0x00007fc74601b000  882       3       java.nio.CharBuffer::arrayOffset (35 bytes)
Event: 257.150 Thread 0x00007fc74601b000 nmethod 882 0x00000001153ea090 code [0x00000001153ea240, 0x00000001153ea578]
Event: 257.231 Thread 0x00007fc74601b000  884       3       com.mysql.cj.core.util.LazyString::<init> (26 bytes)
Event: 257.232 Thread 0x00007fc74601b000 nmethod 884 0x00000001153ea710 code [0x00000001153ea880, 0x00000001153eaa70]
Event: 257.232 Thread 0x00007fc74601b000  885       1       sun.util.locale.BaseLocale::getRegion (5 bytes)
Event: 257.232 Thread 0x00007fc74601b000 nmethod 885 0x00000001153eab50 code [0x00000001153eaca0, 0x00000001153eadb0]
Event: 257.236 Thread 0x00007fc74601b000  886       3       sun.nio.cs.SingleByte$Decoder::decode (11 bytes)
Event: 257.237 Thread 0x00007fc74601b000 nmethod 886 0x00000001153eae10 code [0x00000001153eaf80, 0x00000001153eb110]

GC Heap History (0 events):
No events

Deoptimization events (9 events):
Event: 30.067 Thread 0x00007fc747001800 Uncommon trap: reason=unstable_if action=reinterpret pc=0x0000000115224a28 method=java.lang.String.indexOf([CII[CIII)I @ 3
Event: 30.130 Thread 0x00007fc747001800 Uncommon trap: reason=unstable_if action=reinterpret pc=0x000000011528cdc8 method=java.lang.AbstractStringBuilder.append(Ljava/lang/String;)Ljava/lang/AbstractStringBuilder; @ 1
Event: 30.476 Thread 0x00007fc747001800 Uncommon trap: reason=unstable_if action=reinterpret pc=0x000000011531c210 method=java.util.Properties$LineReader.readLine()I @ 174
Event: 30.476 Thread 0x00007fc747001800 Uncommon trap: reason=unstable_if action=reinterpret pc=0x0000000115321dd4 method=java.util.Properties.loadConvert([CII[C)Ljava/lang/String; @ 4
Event: 30.807 Thread 0x00007fc747001800 Uncommon trap: reason=class_check action=maybe_recompile pc=0x000000011538de44 method=java.util.HashMap.putVal(ILjava/lang/Object;Ljava/lang/Object;ZZ)Ljava/lang/Object; @ 253
Event: 30.816 Thread 0x00007fc747001800 Uncommon trap: reason=class_check action=maybe_recompile pc=0x000000011538de44 method=java.util.HashMap.putVal(ILjava/lang/Object;Ljava/lang/Object;ZZ)Ljava/lang/Object; @ 253
Event: 30.834 Thread 0x00007fc747001800 Uncommon trap: reason=class_check action=maybe_recompile pc=0x000000011538de44 method=java.util.HashMap.putVal(ILjava/lang/Object;Ljava/lang/Object;ZZ)Ljava/lang/Object; @ 253
Event: 30.834 Thread 0x00007fc747001800 Uncommon trap: reason=class_check action=maybe_recompile pc=0x000000011538de44 method=java.util.HashMap.putVal(ILjava/lang/Object;Ljava/lang/Object;ZZ)Ljava/lang/Object; @ 253
Event: 30.846 Thread 0x00007fc747001800 Uncommon trap: reason=class_check action=maybe_recompile pc=0x000000011539057c method=java.util.HashMap.putVal(ILjava/lang/Object;Ljava/lang/Object;ZZ)Ljava/lang/Object; @ 253

Internal exceptions (10 events):
Event: 30.827 Thread 0x00007fc747001800 Exception <a 'java/lang/ArrayIndexOutOfBoundsException'> (0x0000000797051718) thrown at [/HUDSON3/workspace/8-2-build-macosx-x86_64/jdk8u101/7261/hotspot/src/share/vm/runtime/sharedRuntime.cpp, line 605]
Event: 30.827 Thread 0x00007fc747001800 Exception <a 'java/lang/ArrayIndexOutOfBoundsException'> (0x00000007970528b8) thrown at [/HUDSON3/workspace/8-2-build-macosx-x86_64/jdk8u101/7261/hotspot/src/share/vm/runtime/sharedRuntime.cpp, line 605]
Event: 30.829 Thread 0x00007fc747001800 Exception <a 'java/lang/ArrayIndexOutOfBoundsException'> (0x0000000797054300) thrown at [/HUDSON3/workspace/8-2-build-macosx-x86_64/jdk8u101/7261/hotspot/src/share/vm/runtime/sharedRuntime.cpp, line 605]
Event: 30.841 Thread 0x00007fc747001800 Exception <a 'java/lang/ArrayIndexOutOfBoundsException'> (0x000000079707bd78) thrown at [/HUDSON3/workspace/8-2-build-macosx-x86_64/jdk8u101/7261/hotspot/src/share/vm/runtime/sharedRuntime.cpp, line 605]
Event: 30.841 Thread 0x00007fc747001800 Exception <a 'java/lang/ArrayIndexOutOfBoundsException'> (0x000000079707cfe0) thrown at [/HUDSON3/workspace/8-2-build-macosx-x86_64/jdk8u101/7261/hotspot/src/share/vm/runtime/sharedRuntime.cpp, line 605]
Event: 30.842 Thread 0x00007fc747001800 Exception <a 'java/lang/ArrayIndexOutOfBoundsException'> (0x000000079707e760) thrown at [/HUDSON3/workspace/8-2-build-macosx-x86_64/jdk8u101/7261/hotspot/src/share/vm/runtime/sharedRuntime.cpp, line 605]
Event: 30.852 Thread 0x00007fc747001800 Exception <a 'java/lang/ArrayIndexOutOfBoundsException'> (0x00000007970a45b0) thrown at [/HUDSON3/workspace/8-2-build-macosx-x86_64/jdk8u101/7261/hotspot/src/share/vm/runtime/sharedRuntime.cpp, line 605]
Event: 30.867 Thread 0x00007fc747001800 Exception <a 'java/lang/ArrayIndexOutOfBoundsException'> (0x00000007970b46a8) thrown at [/HUDSON3/workspace/8-2-build-macosx-x86_64/jdk8u101/7261/hotspot/src/share/vm/runtime/sharedRuntime.cpp, line 605]
Event: 30.900 Thread 0x00007fc747001800 Exception <a 'java/lang/ArrayIndexOutOfBoundsException'> (0x000000079715eb50) thrown at [/HUDSON3/workspace/8-2-build-macosx-x86_64/jdk8u101/7261/hotspot/src/share/vm/runtime/sharedRuntime.cpp, line 605]
Event: 30.901 Thread 0x00007fc747001800 Exception <a 'java/lang/ArrayIndexOutOfBoundsException'> (0x0000000797170060) thrown at [/HUDSON3/workspace/8-2-build-macosx-x86_64/jdk8u101/7261/hotspot/src/share/vm/runtime/sharedRuntime.cpp, line 605]

Events (10 events):
Event: 4043.694 Executing VM operation: GetOrSetLocal
Event: 4043.694 Executing VM operation: GetOrSetLocal done
Event: 4043.699 Executing VM operation: GetOrSetLocal
Event: 4043.699 Executing VM operation: GetOrSetLocal done
Event: 4043.704 Executing VM operation: GetOrSetLocal
Event: 4043.704 Executing VM operation: GetOrSetLocal done
Event: 4043.706 Executing VM operation: GetOrSetLocal
Event: 4043.706 Executing VM operation: GetOrSetLocal done
Event: 4043.710 Executing VM operation: GetOrSetLocal
Event: 4043.710 Executing VM operation: GetOrSetLocal done


Dynamic libraries:
0x0000000029f0c000 	/System/Library/Frameworks/Cocoa.framework/Versions/A/Cocoa
0x0000000029f0c000 	/System/Library/Frameworks/Security.framework/Versions/A/Security
0x0000000029f0c000 	/System/Library/Frameworks/ApplicationServices.framework/Versions/A/ApplicationServices
0x0000000029f0c000 	/usr/lib/libz.1.dylib
0x0000000029f0c000 	/usr/lib/libSystem.B.dylib
0x0000000029f0c000 	/usr/lib/libobjc.A.dylib
0x0000000029f0c000 	/System/Library/Frameworks/CoreFoundation.framework/Versions/A/CoreFoundation
0x0000000029f0c000 	/System/Library/Frameworks/Foundation.framework/Versions/C/Foundation
0x0000000029f0c000 	/System/Library/Frameworks/AppKit.framework/Versions/C/AppKit
0x0000000029f0c000 	/System/Library/Frameworks/CoreData.framework/Versions/A/CoreData
0x0000000029f0c000 	/System/Library/PrivateFrameworks/RemoteViewServices.framework/Versions/A/RemoteViewServices
0x0000000029f0c000 	/System/Library/PrivateFrameworks/UIFoundation.framework/Versions/A/UIFoundation
0x0000000029f0c000 	/System/Library/PrivateFrameworks/DFRFoundation.framework/Versions/A/DFRFoundation
0x0000000029f0c000 	/System/Library/Frameworks/Metal.framework/Versions/A/Metal
0x0000000029f0c000 	/System/Library/PrivateFrameworks/DesktopServicesPriv.framework/Versions/A/DesktopServicesPriv
0x0000000029f0c000 	/usr/lib/libenergytrace.dylib
0x0000000029f0c000 	/System/Library/PrivateFrameworks/SkyLight.framework/Versions/A/SkyLight
0x0000000029f0c000 	/System/Library/Frameworks/CoreGraphics.framework/Versions/A/CoreGraphics
0x0000000029f0c000 	/usr/lib/libScreenReader.dylib
0x0000000029f0c000 	/System/Library/Frameworks/Accelerate.framework/Versions/A/Accelerate
0x0000000029f0c000 	/System/Library/Frameworks/IOSurface.framework/Versions/A/IOSurface
0x0000000029f0c000 	/System/Library/Frameworks/AudioToolbox.framework/Versions/A/AudioToolbox
0x0000000029f0c000 	/System/Library/Frameworks/AudioUnit.framework/Versions/A/AudioUnit
0x0000000029f0c000 	/System/Library/PrivateFrameworks/DataDetectorsCore.framework/Versions/A/DataDetectorsCore
0x0000000029f0c000 	/System/Library/Frameworks/Carbon.framework/Versions/A/Frameworks/HIToolbox.framework/Versions/A/HIToolbox
0x0000000029f0c000 	/usr/lib/libicucore.A.dylib
0x0000000029f0c000 	/System/Library/Frameworks/QuartzCore.framework/Versions/A/QuartzCore
0x0000000029f0c000 	/System/Library/Frameworks/Carbon.framework/Versions/A/Frameworks/SpeechRecognition.framework/Versions/A/SpeechRecognition
0x0000000029f0c000 	/usr/lib/libauto.dylib
0x0000000029f0c000 	/usr/lib/libxml2.2.dylib
0x0000000029f0c000 	/System/Library/PrivateFrameworks/CoreUI.framework/Versions/A/CoreUI
0x0000000029f0c000 	/System/Library/Frameworks/CoreAudio.framework/Versions/A/CoreAudio
0x0000000029f0c000 	/System/Library/Frameworks/DiskArbitration.framework/Versions/A/DiskArbitration
0x0000000029f0c000 	/usr/lib/liblangid.dylib
0x0000000029f0c000 	/System/Library/PrivateFrameworks/MultitouchSupport.framework/Versions/A/MultitouchSupport
0x0000000029f0c000 	/System/Library/Frameworks/IOKit.framework/Versions/A/IOKit
0x0000000029f0c000 	/usr/lib/libDiagnosticMessagesClient.dylib
0x0000000029f0c000 	/System/Library/Frameworks/CoreServices.framework/Versions/A/CoreServices
0x0000000029f0c000 	/System/Library/PrivateFrameworks/PerformanceAnalysis.framework/Versions/A/PerformanceAnalysis
0x0000000029f0c000 	/System/Library/Frameworks/OpenGL.framework/Versions/A/OpenGL
0x0000000029f0c000 	/System/Library/Frameworks/ColorSync.framework/Versions/A/ColorSync
0x0000000029f0c000 	/System/Library/Frameworks/CoreImage.framework/Versions/A/CoreImage
0x0000000029f0c000 	/System/Library/Frameworks/CoreText.framework/Versions/A/CoreText
0x0000000029f0c000 	/System/Library/Frameworks/ImageIO.framework/Versions/A/ImageIO
0x0000000029f0c000 	/System/Library/PrivateFrameworks/Backup.framework/Versions/A/Backup
0x0000000029f0c000 	/usr/lib/libarchive.2.dylib
0x0000000029f0c000 	/System/Library/Frameworks/CFNetwork.framework/Versions/A/CFNetwork
0x0000000029f0c000 	/System/Library/Frameworks/SystemConfiguration.framework/Versions/A/SystemConfiguration
0x0000000029f0c000 	/usr/lib/libCRFSuite.dylib
0x0000000029f0c000 	/usr/lib/libc++.1.dylib
0x0000000029f0c000 	/usr/lib/libc++abi.dylib
0x0000000029f0c000 	/usr/lib/system/libcache.dylib
0x0000000029f0c000 	/usr/lib/system/libcommonCrypto.dylib
0x0000000029f0c000 	/usr/lib/system/libcompiler_rt.dylib
0x0000000029f0c000 	/usr/lib/system/libcopyfile.dylib
0x0000000029f0c000 	/usr/lib/system/libcorecrypto.dylib
0x0000000029f0c000 	/usr/lib/system/libdispatch.dylib
0x0000000029f0c000 	/usr/lib/system/libdyld.dylib
0x0000000029f0c000 	/usr/lib/system/libkeymgr.dylib
0x0000000029f0c000 	/usr/lib/system/liblaunch.dylib
0x0000000029f0c000 	/usr/lib/system/libmacho.dylib
0x0000000029f0c000 	/usr/lib/system/libquarantine.dylib
0x0000000029f0c000 	/usr/lib/system/libremovefile.dylib
0x0000000029f0c000 	/usr/lib/system/libsystem_asl.dylib
0x0000000029f0c000 	/usr/lib/system/libsystem_blocks.dylib
0x0000000029f0c000 	/usr/lib/system/libsystem_c.dylib
0x0000000029f0c000 	/usr/lib/system/libsystem_configuration.dylib
0x0000000029f0c000 	/usr/lib/system/libsystem_coreservices.dylib
0x0000000029f0c000 	/usr/lib/system/libsystem_darwin.dylib
0x0000000029f0c000 	/usr/lib/system/libsystem_dnssd.dylib
0x0000000029f0c000 	/usr/lib/system/libsystem_info.dylib
0x0000000029f0c000 	/usr/lib/system/libsystem_m.dylib
0x0000000029f0c000 	/usr/lib/system/libsystem_malloc.dylib
0x0000000029f0c000 	/usr/lib/system/libsystem_network.dylib
0x0000000029f0c000 	/usr/lib/system/libsystem_networkextension.dylib
0x0000000029f0c000 	/usr/lib/system/libsystem_notify.dylib
0x0000000029f0c000 	/usr/lib/system/libsystem_sandbox.dylib
0x0000000029f0c000 	/usr/lib/system/libsystem_secinit.dylib
0x0000000029f0c000 	/usr/lib/system/libsystem_kernel.dylib
0x0000000029f0c000 	/usr/lib/system/libsystem_platform.dylib
0x0000000029f0c000 	/usr/lib/system/libsystem_pthread.dylib
0x0000000029f0c000 	/usr/lib/system/libsystem_symptoms.dylib
0x0000000029f0c000 	/usr/lib/system/libsystem_trace.dylib
0x0000000029f0c000 	/usr/lib/system/libunwind.dylib
0x0000000029f0c000 	/usr/lib/system/libxpc.dylib
0x0000000029f0c000 	/usr/lib/closure/libclosured.dylib
0x0000000029f0c000 	/usr/lib/libbsm.0.dylib
0x0000000029f0c000 	/usr/lib/system/libkxld.dylib
0x0000000029f0c000 	/usr/lib/libOpenScriptingUtil.dylib
0x0000000029f0c000 	/usr/lib/libcoretls.dylib
0x0000000029f0c000 	/usr/lib/libcoretls_cfhelpers.dylib
0x0000000029f0c000 	/usr/lib/libpam.2.dylib
0x0000000029f0c000 	/usr/lib/libsqlite3.dylib
0x0000000029f0c000 	/usr/lib/libxar.1.dylib
0x0000000029f0c000 	/usr/lib/libbz2.1.0.dylib
0x0000000029f0c000 	/usr/lib/liblzma.5.dylib
0x0000000029f0c000 	/usr/lib/libnetwork.dylib
0x0000000029f0c000 	/usr/lib/libapple_nghttp2.dylib
0x0000000029f0c000 	/usr/lib/libpcap.A.dylib
0x0000000029f0c000 	/usr/lib/libboringssl.dylib
0x0000000029f0c000 	/usr/lib/libusrtcp.dylib
0x0000000029f0c000 	/usr/lib/libapple_crypto.dylib
0x0000000029f0c000 	/System/Library/Frameworks/CoreServices.framework/Versions/A/Frameworks/FSEvents.framework/Versions/A/FSEvents
0x0000000029f0c000 	/System/Library/Frameworks/CoreServices.framework/Versions/A/Frameworks/CarbonCore.framework/Versions/A/CarbonCore
0x0000000029f0c000 	/System/Library/Frameworks/CoreServices.framework/Versions/A/Frameworks/Metadata.framework/Versions/A/Metadata
0x0000000029f0c000 	/System/Library/Frameworks/CoreServices.framework/Versions/A/Frameworks/OSServices.framework/Versions/A/OSServices
0x0000000029f0c000 	/System/Library/Frameworks/CoreServices.framework/Versions/A/Frameworks/SearchKit.framework/Versions/A/SearchKit
0x0000000029f0c000 	/System/Library/Frameworks/CoreServices.framework/Versions/A/Frameworks/AE.framework/Versions/A/AE
0x0000000029f0c000 	/System/Library/Frameworks/CoreServices.framework/Versions/A/Frameworks/LaunchServices.framework/Versions/A/LaunchServices
0x0000000029f0c000 	/System/Library/Frameworks/CoreServices.framework/Versions/A/Frameworks/DictionaryServices.framework/Versions/A/DictionaryServices
0x0000000029f0c000 	/System/Library/Frameworks/CoreServices.framework/Versions/A/Frameworks/SharedFileList.framework/Versions/A/SharedFileList
0x0000000029f0c000 	/System/Library/Frameworks/NetFS.framework/Versions/A/NetFS
0x0000000029f0c000 	/System/Library/PrivateFrameworks/NetAuth.framework/Versions/A/NetAuth
0x0000000029f0c000 	/System/Library/PrivateFrameworks/login.framework/Versions/A/Frameworks/loginsupport.framework/Versions/A/loginsupport
0x0000000029f0c000 	/System/Library/PrivateFrameworks/TCC.framework/Versions/A/TCC
0x0000000029f0c000 	/usr/lib/libmecabra.dylib
0x0000000029f0c000 	/System/Library/Frameworks/ApplicationServices.framework/Versions/A/Frameworks/ATS.framework/Versions/A/ATS
0x0000000029f0c000 	/System/Library/Frameworks/ApplicationServices.framework/Versions/A/Frameworks/ColorSyncLegacy.framework/Versions/A/ColorSyncLegacy
0x0000000029f0c000 	/System/Library/Frameworks/ApplicationServices.framework/Versions/A/Frameworks/HIServices.framework/Versions/A/HIServices
0x0000000029f0c000 	/System/Library/Frameworks/ApplicationServices.framework/Versions/A/Frameworks/LangAnalysis.framework/Versions/A/LangAnalysis
0x0000000029f0c000 	/System/Library/Frameworks/ApplicationServices.framework/Versions/A/Frameworks/PrintCore.framework/Versions/A/PrintCore
0x0000000029f0c000 	/System/Library/Frameworks/ApplicationServices.framework/Versions/A/Frameworks/QD.framework/Versions/A/QD
0x0000000029f0c000 	/System/Library/Frameworks/ApplicationServices.framework/Versions/A/Frameworks/SpeechSynthesis.framework/Versions/A/SpeechSynthesis
0x0000000029f0c000 	/System/Library/Frameworks/CoreDisplay.framework/Versions/A/CoreDisplay
0x0000000029f0c000 	/System/Library/Frameworks/Accelerate.framework/Versions/A/Frameworks/vImage.framework/Versions/A/vImage
0x0000000029f0c000 	/System/Library/Frameworks/Accelerate.framework/Versions/A/Frameworks/vecLib.framework/Versions/A/vecLib
0x0000000029f0c000 	/System/Library/Frameworks/Accelerate.framework/Versions/A/Frameworks/vecLib.framework/Versions/A/libvDSP.dylib
0x0000000029f0c000 	/System/Library/Frameworks/Accelerate.framework/Versions/A/Frameworks/vecLib.framework/Versions/A/libBNNS.dylib
0x0000000029f0c000 	/System/Library/Frameworks/Accelerate.framework/Versions/A/Frameworks/vecLib.framework/Versions/A/libQuadrature.dylib
0x0000000029f0c000 	/System/Library/Frameworks/Accelerate.framework/Versions/A/Frameworks/vecLib.framework/Versions/A/libvMisc.dylib
0x0000000029f0c000 	/System/Library/Frameworks/Accelerate.framework/Versions/A/Frameworks/vecLib.framework/Versions/A/libLAPACK.dylib
0x0000000029f0c000 	/System/Library/Frameworks/Accelerate.framework/Versions/A/Frameworks/vecLib.framework/Versions/A/libBLAS.dylib
0x0000000029f0c000 	/System/Library/Frameworks/Accelerate.framework/Versions/A/Frameworks/vecLib.framework/Versions/A/libLinearAlgebra.dylib
0x0000000029f0c000 	/System/Library/Frameworks/Accelerate.framework/Versions/A/Frameworks/vecLib.framework/Versions/A/libSparse.dylib
0x0000000029f0c000 	/System/Library/Frameworks/Accelerate.framework/Versions/A/Frameworks/vecLib.framework/Versions/A/libSparseBLAS.dylib
0x0000000029f0c000 	/System/Library/PrivateFrameworks/IOAccelerator.framework/Versions/A/IOAccelerator
0x0000000029f0c000 	/System/Library/PrivateFrameworks/IOPresentment.framework/Versions/A/IOPresentment
0x0000000029f0c000 	/System/Library/PrivateFrameworks/DSExternalDisplay.framework/Versions/A/DSExternalDisplay
0x0000000029f0c000 	/System/Library/Frameworks/OpenGL.framework/Versions/A/Libraries/libCoreFSCache.dylib
0x0000000029f0c000 	/System/Library/Frameworks/CoreVideo.framework/Versions/A/CoreVideo
0x0000000029f0c000 	/System/Library/PrivateFrameworks/GraphVisualizer.framework/Versions/A/GraphVisualizer
0x0000000029f0c000 	/System/Library/Frameworks/MetalPerformanceShaders.framework/Versions/A/MetalPerformanceShaders
0x0000000029f0c000 	/usr/lib/libFosl_dynamic.dylib
0x0000000029f0c000 	/System/Library/PrivateFrameworks/FaceCore.framework/Versions/A/FaceCore
0x0000000029f0c000 	/System/Library/Frameworks/OpenCL.framework/Versions/A/OpenCL
0x0000000029f0c000 	/usr/lib/libcompression.dylib
0x0000000029f0c000 	/System/Library/Frameworks/ApplicationServices.framework/Versions/A/Frameworks/ATS.framework/Versions/A/Resources/libFontParser.dylib
0x0000000029f0c000 	/System/Library/Frameworks/ApplicationServices.framework/Versions/A/Frameworks/ATS.framework/Versions/A/Resources/libFontRegistry.dylib
0x0000000029f0c000 	/System/Library/Frameworks/ImageIO.framework/Versions/A/Resources/libJPEG.dylib
0x0000000029f0c000 	/System/Library/Frameworks/ImageIO.framework/Versions/A/Resources/libTIFF.dylib
0x0000000029f0c000 	/System/Library/Frameworks/ImageIO.framework/Versions/A/Resources/libPng.dylib
0x0000000029f0c000 	/System/Library/Frameworks/ImageIO.framework/Versions/A/Resources/libGIF.dylib
0x0000000029f0c000 	/System/Library/Frameworks/ImageIO.framework/Versions/A/Resources/libJP2.dylib
0x0000000029f0c000 	/System/Library/Frameworks/ImageIO.framework/Versions/A/Resources/libRadiance.dylib
0x0000000029f0c000 	/System/Library/PrivateFrameworks/AppleJPEG.framework/Versions/A/AppleJPEG
0x0000000029f0c000 	/System/Library/PrivateFrameworks/MetalTools.framework/Versions/A/MetalTools
0x0000000029f0c000 	/System/Library/Frameworks/MetalPerformanceShaders.framework/Frameworks/MPSCore.framework/Versions/A/MPSCore
0x0000000029f0c000 	/System/Library/Frameworks/MetalPerformanceShaders.framework/Frameworks/MPSImage.framework/Versions/A/MPSImage
0x0000000029f0c000 	/System/Library/Frameworks/MetalPerformanceShaders.framework/Frameworks/MPSMatrix.framework/Versions/A/MPSMatrix
0x0000000029f0c000 	/System/Library/Frameworks/MetalPerformanceShaders.framework/Frameworks/MPSNeuralNetwork.framework/Versions/A/MPSNeuralNetwork
0x0000000029f0c000 	/System/Library/Frameworks/OpenGL.framework/Versions/A/Libraries/libGLU.dylib
0x0000000029f0c000 	/System/Library/Frameworks/OpenGL.framework/Versions/A/Libraries/libGFXShared.dylib
0x0000000029f0c000 	/System/Library/Frameworks/OpenGL.framework/Versions/A/Libraries/libGL.dylib
0x0000000029f0c000 	/System/Library/Frameworks/OpenGL.framework/Versions/A/Libraries/libGLImage.dylib
0x0000000029f0c000 	/System/Library/Frameworks/OpenGL.framework/Versions/A/Libraries/libCVMSPluginSupport.dylib
0x0000000029f0c000 	/System/Library/Frameworks/OpenGL.framework/Versions/A/Libraries/libCoreVMClient.dylib
0x0000000029f0c000 	/usr/lib/libcups.2.dylib
0x0000000029f0c000 	/System/Library/Frameworks/Kerberos.framework/Versions/A/Kerberos
0x0000000029f0c000 	/System/Library/Frameworks/GSS.framework/Versions/A/GSS
0x0000000029f0c000 	/usr/lib/libresolv.9.dylib
0x0000000029f0c000 	/usr/lib/libiconv.2.dylib
0x0000000029f0c000 	/System/Library/PrivateFrameworks/Heimdal.framework/Versions/A/Heimdal
0x0000000029f0c000 	/usr/lib/libheimdal-asn1.dylib
0x0000000029f0c000 	/System/Library/Frameworks/OpenDirectory.framework/Versions/A/OpenDirectory
0x0000000029f0c000 	/System/Library/PrivateFrameworks/CommonAuth.framework/Versions/A/CommonAuth
0x0000000029f0c000 	/System/Library/Frameworks/OpenDirectory.framework/Versions/A/Frameworks/CFOpenDirectory.framework/Versions/A/CFOpenDirectory
0x0000000029f0c000 	/System/Library/Frameworks/SecurityFoundation.framework/Versions/A/SecurityFoundation
0x0000000029f0c000 	/System/Library/PrivateFrameworks/APFS.framework/Versions/A/APFS
0x0000000029f0c000 	/usr/lib/libutil.dylib
0x0000000029f0c000 	/System/Library/PrivateFrameworks/AppleSauce.framework/Versions/A/AppleSauce
0x0000000029f0c000 	/System/Library/PrivateFrameworks/LinguisticData.framework/Versions/A/LinguisticData
0x0000000029f0c000 	/usr/lib/libmarisa.dylib
0x0000000029f0c000 	/System/Library/PrivateFrameworks/Lexicon.framework/Versions/A/Lexicon
0x0000000029f0c000 	/usr/lib/libChineseTokenizer.dylib
0x0000000029f0c000 	/usr/lib/libcmph.dylib
0x0000000029f0c000 	/System/Library/PrivateFrameworks/LanguageModeling.framework/Versions/A/LanguageModeling
0x0000000029f0c000 	/System/Library/PrivateFrameworks/CoreEmoji.framework/Versions/A/CoreEmoji
0x0000000029f0c000 	/System/Library/Frameworks/ServiceManagement.framework/Versions/A/ServiceManagement
0x0000000029f0c000 	/System/Library/PrivateFrameworks/BackgroundTaskManagement.framework/Versions/A/BackgroundTaskManagement
0x0000000029f0c000 	/usr/lib/libxslt.1.dylib
0x0000000029f0c000 	/System/Library/Frameworks/Carbon.framework/Versions/A/Frameworks/Ink.framework/Versions/A/Ink
0x0000000029f0c000 	/System/Library/PrivateFrameworks/TextureIO.framework/Versions/A/TextureIO
0x0000000029f0c000 	/usr/lib/libate.dylib
0x0000000029f0c000 	/System/Library/PrivateFrameworks/CrashReporterSupport.framework/Versions/A/CrashReporterSupport
0x0000000029f0c000 	/System/Library/PrivateFrameworks/Sharing.framework/Versions/A/Sharing
0x0000000029f0c000 	/System/Library/PrivateFrameworks/IconServices.framework/Versions/A/IconServices
0x0000000029f0c000 	/System/Library/PrivateFrameworks/ProtocolBuffer.framework/Versions/A/ProtocolBuffer
0x0000000029f0c000 	/System/Library/PrivateFrameworks/Apple80211.framework/Versions/A/Apple80211
0x0000000029f0c000 	/System/Library/Frameworks/CoreWLAN.framework/Versions/A/CoreWLAN
0x0000000029f0c000 	/System/Library/PrivateFrameworks/CoreUtils.framework/Versions/A/CoreUtils
0x0000000029f0c000 	/System/Library/Frameworks/IOBluetooth.framework/Versions/A/IOBluetooth
0x0000000029f0c000 	/System/Library/PrivateFrameworks/CoreWiFi.framework/Versions/A/CoreWiFi
0x0000000029f0c000 	/System/Library/Frameworks/CoreBluetooth.framework/Versions/A/CoreBluetooth
0x0000000029f0c000 	/System/Library/PrivateFrameworks/SignpostNotification.framework/Versions/A/SignpostNotification
0x0000000029f0c000 	/System/Library/PrivateFrameworks/DebugSymbols.framework/Versions/A/DebugSymbols
0x0000000029f0c000 	/System/Library/PrivateFrameworks/CoreSymbolication.framework/Versions/A/CoreSymbolication
0x0000000029f0c000 	/System/Library/PrivateFrameworks/Symbolication.framework/Versions/A/Symbolication
0x0000000029f0c000 	/System/Library/PrivateFrameworks/AppleFSCompression.framework/Versions/A/AppleFSCompression
0x0000000029f0c000 	/System/Library/PrivateFrameworks/SpeechRecognitionCore.framework/Versions/A/SpeechRecognitionCore
0x000000010fe00000 	/Library/Java/JavaVirtualMachines/jdk1.8.0_101.jdk/Contents/Home/jre/lib/server/libjvm.dylib
0x0000000029f0c000 	/usr/lib/libstdc++.6.0.9.dylib
0x000000010f41e000 	/Library/Java/JavaVirtualMachines/jdk1.8.0_101.jdk/Contents/Home/jre/lib/libverify.dylib
0x000000010f42c000 	/Library/Java/JavaVirtualMachines/jdk1.8.0_101.jdk/Contents/Home/jre/lib/libjava.dylib
0x000000010f462000 	/Library/Java/JavaVirtualMachines/jdk1.8.0_101.jdk/Contents/Home/jre/lib/libjdwp.dylib
0x000000010f4ad000 	/Library/Java/JavaVirtualMachines/jdk1.8.0_101.jdk/Contents/Home/jre/lib/libnpt.dylib
0x000000010f4fa000 	/Library/Java/JavaVirtualMachines/jdk1.8.0_101.jdk/Contents/Home/jre/lib/libzip.dylib
0x0000000029f0c000 	/System/Library/Frameworks/JavaVM.framework/Versions/A/Frameworks/JavaRuntimeSupport.framework/Versions/A/JavaRuntimeSupport
0x0000000029f0c000 	/System/Library/Frameworks/JavaVM.framework/Versions/A/Frameworks/JavaNativeFoundation.framework/Versions/A/JavaNativeFoundation
0x0000000029f0c000 	/System/Library/Frameworks/JavaVM.framework/Versions/A/JavaVM
0x0000000029f0c000 	/System/Library/Frameworks/Carbon.framework/Versions/A/Carbon
0x0000000029f0c000 	/System/Library/PrivateFrameworks/JavaLaunching.framework/Versions/A/JavaLaunching
0x0000000029f0c000 	/System/Library/Frameworks/Carbon.framework/Versions/A/Frameworks/CommonPanels.framework/Versions/A/CommonPanels
0x0000000029f0c000 	/System/Library/Frameworks/Carbon.framework/Versions/A/Frameworks/Help.framework/Versions/A/Help
0x0000000029f0c000 	/System/Library/Frameworks/Carbon.framework/Versions/A/Frameworks/ImageCapture.framework/Versions/A/ImageCapture
0x0000000029f0c000 	/System/Library/Frameworks/Carbon.framework/Versions/A/Frameworks/OpenScripting.framework/Versions/A/OpenScripting
0x0000000029f0c000 	/System/Library/Frameworks/Carbon.framework/Versions/A/Frameworks/Print.framework/Versions/A/Print
0x0000000029f0c000 	/System/Library/Frameworks/Carbon.framework/Versions/A/Frameworks/SecurityHI.framework/Versions/A/SecurityHI
0x0000000114f90000 	/Library/Java/JavaVirtualMachines/jdk1.8.0_101.jdk/Contents/Home/jre/lib/libdt_socket.dylib
0x0000000128530000 	/Library/Java/JavaVirtualMachines/jdk1.8.0_101.jdk/Contents/Home/jre/lib/libnet.dylib
0x0000000128835000 	/Library/Java/JavaVirtualMachines/jdk1.8.0_101.jdk/Contents/Home/jre/lib/libmanagement.dylib
0x0000000128275000 	/Library/Java/JavaVirtualMachines/jdk1.8.0_101.jdk/Contents/Home/jre/lib/libnio.dylib

VM Arguments:
jvm_args: -agentlib:jdwp=transport=dt_socket,address=127.0.0.1:52306,suspend=y,server=n -ea -Didea.test.cyclic.buffer.size=1048576 -Dfile.encoding=UTF-8 
java_command: com.intellij.rt.execution.junit.JUnitStarter -ideVersion5 -junit4 server.controllers.BrukerControllerTest,getBrukernavn
java_class_path (initial): /Users/Truls/Library/Application Support/JetBrains/Toolbox/apps/IDEA-U/ch-0/172.4343.14/IntelliJ IDEA.app/Contents/lib/idea_rt.jar:/Users/Truls/Library/Application Support/JetBrains/Toolbox/apps/IDEA-U/ch-0/172.4343.14/IntelliJ IDEA.app/Contents/plugins/junit/lib/junit-rt.jar:/Users/Truls/Library/Application Support/JetBrains/Toolbox/apps/IDEA-U/ch-0/172.4343.14/IntelliJ IDEA.app/Contents/plugins/junit/lib/junit5-rt.jar:/Library/Java/JavaVirtualMachines/jdk1.8.0_101.jdk/Contents/Home/jre/lib/charsets.jar:/Library/Java/JavaVirtualMachines/jdk1.8.0_101.jdk/Contents/Home/jre/lib/deploy.jar:/Library/Java/JavaVirtualMachines/jdk1.8.0_101.jdk/Contents/Home/jre/lib/ext/cldrdata.jar:/Library/Java/JavaVirtualMachines/jdk1.8.0_101.jdk/Contents/Home/jre/lib/ext/dnsns.jar:/Library/Java/JavaVirtualMachines/jdk1.8.0_101.jdk/Contents/Home/jre/lib/ext/jaccess.jar:/Library/Java/JavaVirtualMachines/jdk1.8.0_101.jdk/Contents/Home/jre/lib/ext/jfxrt.jar:/Library/Java/JavaVirtualMachines/jdk1.8.0_101.jdk/Contents/Home/jre/lib/ext/localedata.jar:/Library/Java/JavaVirtualMachines/jdk1.8.0_101.jdk/Contents/Home/jre/lib/ext/nashorn.jar:/Library/Java/JavaVirtualMachines/jdk1.8.0_101.jdk/Contents/Home/jre/lib/ext/sunec.jar:/Library/Java/JavaVirtualMachines/jdk1.8.0_101.jdk/Contents/Home/jre/lib/ext/sunjce_provider.jar:/Library/Java/JavaVirtualMachines/jdk1.8.0_101.jdk/Contents/Home/jre/lib/ext/sunpkcs11.jar:/Library/Java/JavaVirtualMachines/jdk1.8.0_101.jdk/Contents/Home/jre/lib/ext/zipfs.jar:/Library/Java/JavaVirtualMachines/jdk1.8.0_101.jdk/Contents/Home/jre/lib/javaws.jar:/Library/Java/JavaVirtualMachines/jdk1.8.0_101.jdk/Contents/Home/jre/lib/jce.jar:/Library/Java/JavaVirtualMachines/jdk1.8.0_101.jdk/Contents/Home/jre/lib/jfr.jar:/Library/Java/JavaVirtualMachines/jdk1.8.0_101.jdk/Contents/Home/jre/lib/jfxswt.jar:/Library/Java/JavaVirtualMachines/jdk1.8.0_101.jdk/Contents/Home/jre/lib/jsse.jar:/Library/Java/JavaVirtualMachines/jdk1.8.0_101.jdk/Contents/Home/jre/
Launcher Type: SUN_STANDARD

Environment Variables:
JAVA_HOME=/Library/Java/JavaVirtualMachines/jdk1.8.0_101.jdk/Contents/Home
CLASSPATH=.:/Applications/OpenGL/gluegen-rt-natives-macosx-universal.jar:/Applications/OpenGL/gluegen-rt.jar:/Applications/OpenGL/jogl-all-natives-macosx-universal.jar:/Applications/OpenGL/jogl-all.jar
PATH=/Applications/OpenGL/:/usr/local/bin:/usr/bin:/bin:/usr/sbin:/sbin
SHELL=/bin/bash

Signal Handlers:
SIGSEGV: [libjvm.dylib+0x5af145], sa_mask[0]=11111111011111110111111111111111, sa_flags=SA_ONSTACK|SA_RESTART|SA_SIGINFO
SIGBUS: [libjvm.dylib+0x5af145], sa_mask[0]=11111111011111110111111111111111, sa_flags=SA_RESTART|SA_SIGINFO
SIGFPE: [libjvm.dylib+0x48694c], sa_mask[0]=11111111011111110111111111111111, sa_flags=SA_RESTART|SA_SIGINFO
SIGPIPE: [libjvm.dylib+0x48694c], sa_mask[0]=11111111011111110111111111111111, sa_flags=SA_RESTART|SA_SIGINFO
SIGXFSZ: [libjvm.dylib+0x48694c], sa_mask[0]=11111111011111110111111111111111, sa_flags=SA_RESTART|SA_SIGINFO
SIGILL: [libjvm.dylib+0x48694c], sa_mask[0]=11111111011111110111111111111111, sa_flags=SA_RESTART|SA_SIGINFO
SIGUSR1: SIG_DFL, sa_mask[0]=00000000000000000000000000000000, sa_flags=none
SIGUSR2: [libjvm.dylib+0x48646a], sa_mask[0]=00100000000000000000000000000000, sa_flags=SA_RESTART|SA_SIGINFO
SIGHUP: [libjvm.dylib+0x484a41], sa_mask[0]=11111111011111110111111111111111, sa_flags=SA_RESTART|SA_SIGINFO
SIGINT: [libjvm.dylib+0x484a41], sa_mask[0]=11111111011111110111111111111111, sa_flags=SA_RESTART|SA_SIGINFO
SIGTERM: [libjvm.dylib+0x484a41], sa_mask[0]=11111111011111110111111111111111, sa_flags=SA_RESTART|SA_SIGINFO
SIGQUIT: [libjvm.dylib+0x484a41], sa_mask[0]=11111111011111110111111111111111, sa_flags=SA_RESTART|SA_SIGINFO


---------------  S Y S T E M  ---------------

OS:Bsduname:Darwin 17.2.0 Darwin Kernel Version 17.2.0: Fri Sep 29 18:27:05 PDT 2017; root:xnu-4570.20.62~3/RELEASE_X86_64 x86_64
rlimit: STACK 8192k, CORE 0k, NPROC 709, NOFILE 10240, AS infinity
load average:2.54 3.10 3.06

CPU:total 4 (2 cores per cpu, 2 threads per core) family 6 model 61 stepping 4, cmov, cx8, fxsr, mmx, sse, sse2, sse3, ssse3, sse4.1, sse4.2, popcnt, avx, avx2, aes, clmul, erms, 3dnowpref, lzcnt, ht, tsc, tscinvbit, bmi1, bmi2, adx

Memory: 4k page, physical 8388608k(142316k free)

/proc/meminfo:


vm_info: Java HotSpot(TM) 64-Bit Server VM (25.101-b13) for bsd-amd64 JRE (1.8.0_101-b13), built on Jun 22 2016 02:42:15 by "java_re" with gcc 4.2.1 (Based on Apple Inc. build 5658) (LLVM build 2336.11.00)

time: Fri Jan 12 09:38:36 2018
elapsed time: 4088 seconds (0d 1h 8m 8s)

